Arguments: 
  /home/toto04/.nvm/versions/node/v12.14.1/bin/node /home/toto04/.yarn/bin/yarn.js add @types/nodejs

PATH: 
  /home/toto04/.local/bin:/home/toto04/.yarn/bin:/home/toto04/.config/yarn/global/node_modules/.bin:/home/toto04/.nvm/versions/node/v12.14.1/bin:/usr/local/sbin:/usr/local/bin:/usr/sbin:/usr/bin:/sbin:/bin:/usr/games:/usr/local/games:/mnt/c/Program Files (x86)/Common Files/Oracle/Java/javapath:/mnt/c/Program Files (x86)/Common Files/Intel/Shared Libraries/redist/intel64_win/compiler:/mnt/c/Program Files (x86)/Razer Chroma SDK/bin:/mnt/c/Program Files/Razer Chroma SDK/bin:/mnt/c/Program Files (x86)/Razer/ChromaBroadcast/bin:/mnt/c/Program Files/Razer/ChromaBroadcast/bin:/mnt/c/Program Files/Oculus/Support/oculus-runtime:/mnt/c/ProgramData/Oracle/Java/javapath:/mnt/c/Windows/system32:/mnt/c/Windows:/mnt/c/Windows/System32/Wbem:/mnt/c/Windows/System32/WindowsPowerShell/v1.0/:/mnt/c/Windows/System32/OpenSSH/:/mnt/c/Program Files/NVIDIA Corporation/NVIDIA NvDLISR:/mnt/c/Program Files (x86)/NVIDIA Corporation/PhysX/Common:/mnt/c/ProgramData/chocolatey/bin:/mnt/c/Users/toto0/AppData/Roaming/nvm:/mnt/c/Program Files/nodejs:/mnt/c/WINDOWS/system32:/mnt/c/WINDOWS:/mnt/c/WINDOWS/System32/Wbem:/mnt/c/WINDOWS/System32/WindowsPowerShell/v1.0/:/mnt/c/WINDOWS/System32/OpenSSH/:/mnt/c/WINDOWS/system32/config/systemprofile/AppData/Local/Microsoft/WindowsApps:/mnt/c/Program Files/Git/cmd:/mnt/c/Program Files/dotnet/:/mnt/c/Program Files (x86)/dotnet/:/mnt/c/Users/toto0/AppData/Local/Programs/Python/Python38-32/Scripts/:/mnt/c/Users/toto0/AppData/Local/Programs/Python/Python38-32/:/mnt/c/Users/toto0/AppData/Local/Microsoft/WindowsApps:/mnt/c/Users/toto0/AppData/Local/Programs/Microsoft VS Code/bin:/mnt/c/Users/toto0/AppData/Roaming/npm:/mnt/c/Users/toto0/AppData/Roaming/nvm:/mnt/c/Program Files/nodejs:/mnt/c/Python34:/mnt/c/Users/toto0/.dotnet/tools:/snap/bin

Yarn version: 
  1.22.5

Node version: 
  12.14.1

Platform: 
  linux x64

Trace: 
  Error: https://registry.yarnpkg.com/@types%2fnodejs: Not found
      at Request.params.callback [as _callback] (/home/toto04/.yarn/lib/cli.js:66988:18)
      at Request.self.callback (/home/toto04/.yarn/lib/cli.js:140749:22)
      at Request.emit (events.js:223:5)
      at Request.<anonymous> (/home/toto04/.yarn/lib/cli.js:141721:10)
      at Request.emit (events.js:223:5)
      at IncomingMessage.<anonymous> (/home/toto04/.yarn/lib/cli.js:141643:12)
      at Object.onceWrapper (events.js:312:28)
      at IncomingMessage.emit (events.js:228:7)
      at endReadableNT (_stream_readable.js:1185:12)
      at processTicksAndRejections (internal/process/task_queues.js:81:21)

npm manifest: 
  {
    "name": "twentyone",
    "version": "1.0.0",
    "main": "index.js",
    "license": "MIT"
  }

yarn manifest: 
  No manifest

Lockfile: 
  No lockfile
